[19-Dec-2023 14:46:47] NOTICE: fpm is running, pid 10484
[19-Dec-2023 14:46:47] NOTICE: ready to handle connections
[20-Dec-2023 00:12:44] NOTICE: Terminating ...
[20-Dec-2023 00:12:44] NOTICE: Terminating ...
[20-Dec-2023 00:12:44] NOTICE: exiting, bye-bye!
[20-Dec-2023 09:31:23] NOTICE: fpm is running, pid 3640
[20-Dec-2023 09:31:23] NOTICE: ready to handle connections
[25-Dec-2023 17:43:14] NOTICE: fpm is running, pid 3699
[25-Dec-2023 17:43:14] NOTICE: ready to handle connections
[27-Dec-2023 10:06:39] NOTICE: Terminating ...
[27-Dec-2023 10:06:39] NOTICE: Terminating ...
[27-Dec-2023 10:06:39] NOTICE: exiting, bye-bye!
[28-Dec-2023 13:58:16] NOTICE: fpm is running, pid 15212
[28-Dec-2023 13:58:16] NOTICE: ready to handle connections
[30-Dec-2023 14:53:38] NOTICE: Terminating ...
[30-Dec-2023 14:53:38] NOTICE: Terminating ...
[30-Dec-2023 14:53:38] NOTICE: exiting, bye-bye!
[01-Jan-2024 11:29:31] NOTICE: fpm is running, pid 3581
[01-Jan-2024 11:29:31] NOTICE: ready to handle connections
[01-Jan-2024 15:23:34] NOTICE: Terminating ...
[01-Jan-2024 15:23:34] NOTICE: Terminating ...
[01-Jan-2024 15:23:34] NOTICE: exiting, bye-bye!
[14-Jan-2024 11:04:04] NOTICE: fpm is running, pid 3497
[14-Jan-2024 11:04:04] NOTICE: ready to handle connections
[14-Jan-2024 12:08:20] NOTICE: Terminating ...
[14-Jan-2024 12:08:20] NOTICE: Terminating ...
[14-Jan-2024 12:08:20] NOTICE: exiting, bye-bye!
[20-Jan-2024 17:04:56] NOTICE: fpm is running, pid 66552
[20-Jan-2024 17:04:56] NOTICE: ready to handle connections
[20-Jan-2024 17:24:02] NOTICE: Terminating ...
[20-Jan-2024 17:24:02] NOTICE: Terminating ...
[20-Jan-2024 17:24:02] NOTICE: exiting, bye-bye!
[16-Jun-2024 22:26:50] NOTICE: fpm is running, pid 33779
[16-Jun-2024 22:26:50] NOTICE: ready to handle connections
[16-Jun-2024 22:50:58] NOTICE: Terminating ...
[16-Jun-2024 22:50:58] NOTICE: Terminating ...
[16-Jun-2024 22:50:58] NOTICE: exiting, bye-bye!
[02-Nov-2024 14:38:30] NOTICE: fpm is running, pid 59908
[02-Nov-2024 14:38:30] NOTICE: ready to handle connections
[02-Nov-2024 15:37:59] NOTICE: Terminating ...
[02-Nov-2024 15:37:59] NOTICE: Terminating ...
[02-Nov-2024 15:37:59] NOTICE: exiting, bye-bye!
[13-Jan-2025 22:02:54] NOTICE: fpm is running, pid 11608
[13-Jan-2025 22:02:54] NOTICE: ready to handle connections
[13-Jan-2025 22:03:33] NOTICE: Terminating ...
[13-Jan-2025 22:03:33] NOTICE: Terminating ...
[13-Jan-2025 22:03:33] NOTICE: exiting, bye-bye!
[13-Jan-2025 22:03:35] NOTICE: fpm is running, pid 11698
[13-Jan-2025 22:03:35] NOTICE: ready to handle connections
[13-Jan-2025 22:37:33] NOTICE: Terminating ...
[13-Jan-2025 22:37:33] NOTICE: Terminating ...
[13-Jan-2025 22:37:33] NOTICE: exiting, bye-bye!
[15-Jan-2025 21:46:08] NOTICE: fpm is running, pid 3788
[15-Jan-2025 21:46:08] NOTICE: ready to handle connections
[15-Jan-2025 22:35:35] NOTICE: Terminating ...
[15-Jan-2025 22:35:35] NOTICE: Terminating ...
[15-Jan-2025 22:35:35] NOTICE: exiting, bye-bye!
[20-Jan-2025 21:47:17] NOTICE: fpm is running, pid 5181
[20-Jan-2025 21:47:17] NOTICE: ready to handle connections
[20-Jan-2025 21:48:25] NOTICE: Terminating ...
[20-Jan-2025 21:48:25] NOTICE: Terminating ...
[20-Jan-2025 21:48:25] NOTICE: exiting, bye-bye!
[20-Jan-2025 21:48:45] NOTICE: fpm is running, pid 6096
[20-Jan-2025 21:48:45] NOTICE: ready to handle connections
[20-Jan-2025 21:50:45] NOTICE: Terminating ...
[20-Jan-2025 21:50:45] NOTICE: exiting, bye-bye!
[20-Jan-2025 21:50:45] NOTICE: fpm is running, pid 7120
[20-Jan-2025 21:50:45] NOTICE: ready to handle connections
[20-Jan-2025 22:46:53] NOTICE: Terminating ...
[20-Jan-2025 22:46:53] NOTICE: Terminating ...
[20-Jan-2025 22:46:53] NOTICE: exiting, bye-bye!
[21-Jan-2025 22:01:58] NOTICE: fpm is running, pid 4827
[21-Jan-2025 22:01:58] NOTICE: ready to handle connections
[21-Jan-2025 22:03:35] NOTICE: Terminating ...
[21-Jan-2025 22:03:35] NOTICE: exiting, bye-bye!
[21-Jan-2025 22:03:36] NOTICE: fpm is running, pid 6070
[21-Jan-2025 22:03:36] NOTICE: ready to handle connections
[21-Jan-2025 22:04:05] NOTICE: Terminating ...
[21-Jan-2025 22:04:05] NOTICE: exiting, bye-bye!
[21-Jan-2025 22:04:06] NOTICE: fpm is running, pid 6238
[21-Jan-2025 22:04:06] NOTICE: ready to handle connections
[22-Jan-2025 00:01:42] NOTICE: Terminating ...
[22-Jan-2025 00:01:42] NOTICE: Terminating ...
[22-Jan-2025 00:01:43] NOTICE: exiting, bye-bye!
[23-Jan-2025 18:32:30] NOTICE: fpm is running, pid 5210
[23-Jan-2025 18:32:30] NOTICE: ready to handle connections
[23-Jan-2025 22:10:23] NOTICE: Terminating ...
[23-Jan-2025 22:10:23] NOTICE: Terminating ...
[23-Jan-2025 22:10:23] NOTICE: exiting, bye-bye!
[28-Jan-2025 21:44:14] NOTICE: fpm is running, pid 6266
[28-Jan-2025 21:44:14] NOTICE: ready to handle connections
[28-Jan-2025 23:39:29] NOTICE: Terminating ...
[28-Jan-2025 23:39:29] NOTICE: Terminating ...
[28-Jan-2025 23:39:29] NOTICE: exiting, bye-bye!
[03-Feb-2025 10:14:58] NOTICE: fpm is running, pid 4625
[03-Feb-2025 10:14:58] NOTICE: ready to handle connections
[03-Feb-2025 10:40:06] NOTICE: Terminating ...
[03-Feb-2025 10:40:06] NOTICE: Terminating ...
[03-Feb-2025 10:40:06] NOTICE: exiting, bye-bye!
[10-Feb-2025 22:04:15] NOTICE: fpm is running, pid 6154
[10-Feb-2025 22:04:15] NOTICE: ready to handle connections
[10-Feb-2025 22:46:21] NOTICE: Terminating ...
[10-Feb-2025 22:46:21] NOTICE: Terminating ...
[10-Feb-2025 22:46:21] NOTICE: exiting, bye-bye!
[11-Feb-2025 19:24:24] NOTICE: fpm is running, pid 6221
[11-Feb-2025 19:24:24] NOTICE: ready to handle connections
[11-Feb-2025 19:31:21] NOTICE: Terminating ...
[11-Feb-2025 19:31:21] NOTICE: Terminating ...
[11-Feb-2025 19:31:21] NOTICE: exiting, bye-bye!
[13-Feb-2025 21:46:30] NOTICE: fpm is running, pid 3987
[13-Feb-2025 21:46:30] NOTICE: ready to handle connections
[13-Feb-2025 22:35:24] NOTICE: Terminating ...
[13-Feb-2025 22:35:24] NOTICE: Terminating ...
[13-Feb-2025 22:35:24] NOTICE: exiting, bye-bye!
[19-Feb-2025 21:37:11] NOTICE: fpm is running, pid 4808
[19-Feb-2025 21:37:11] NOTICE: ready to handle connections
[19-Feb-2025 22:30:42] NOTICE: Terminating ...
[19-Feb-2025 22:30:42] NOTICE: Terminating ...
[19-Feb-2025 22:30:42] NOTICE: exiting, bye-bye!
[24-Feb-2025 21:37:41] NOTICE: fpm is running, pid 3954
[24-Feb-2025 21:37:41] NOTICE: ready to handle connections
[24-Feb-2025 22:23:09] NOTICE: Terminating ...
[24-Feb-2025 22:23:09] NOTICE: Terminating ...
[24-Feb-2025 22:23:09] NOTICE: exiting, bye-bye!
[27-Feb-2025 21:45:07] NOTICE: fpm is running, pid 4820
[27-Feb-2025 21:45:07] NOTICE: ready to handle connections
[27-Feb-2025 22:32:46] NOTICE: Terminating ...
[27-Feb-2025 22:32:46] NOTICE: Terminating ...
[27-Feb-2025 22:32:46] NOTICE: exiting, bye-bye!
[03-Mar-2025 19:18:15] NOTICE: fpm is running, pid 4019
[03-Mar-2025 19:18:15] NOTICE: ready to handle connections
[03-Mar-2025 22:49:47] NOTICE: Terminating ...
[03-Mar-2025 22:49:47] NOTICE: Terminating ...
[03-Mar-2025 22:49:47] NOTICE: exiting, bye-bye!
[04-Mar-2025 22:20:15] NOTICE: fpm is running, pid 4122
[04-Mar-2025 22:20:15] NOTICE: ready to handle connections
[04-Mar-2025 22:48:06] NOTICE: Terminating ...
[04-Mar-2025 22:48:06] NOTICE: Terminating ...
[04-Mar-2025 22:48:06] NOTICE: exiting, bye-bye!
[11-Mar-2025 22:12:10] NOTICE: fpm is running, pid 3995
[11-Mar-2025 22:12:10] NOTICE: ready to handle connections
[11-Mar-2025 22:52:38] NOTICE: Terminating ...
[11-Mar-2025 22:52:38] NOTICE: Terminating ...
[11-Mar-2025 22:52:38] NOTICE: exiting, bye-bye!
[17-Mar-2025 21:45:49] NOTICE: fpm is running, pid 3929
[17-Mar-2025 21:45:49] NOTICE: ready to handle connections
[17-Mar-2025 22:20:47] NOTICE: Terminating ...
[17-Mar-2025 22:20:47] NOTICE: Terminating ...
[17-Mar-2025 22:20:47] NOTICE: exiting, bye-bye!
